[INFO ] 2024-01-03 23:49:36,263-[Utils] MethodGroupsHelper.collectMethodsByGroup() took 1 ms.
[INFO ] 2024-01-03 23:49:36,269-[Utils] MethodGroupsHelper.sortMethods() took 1 ms.
[INFO ] 2024-01-03 23:49:36,271-[Utils] MethodGroupsHelper.collectMethodsByGroup() took 0 ms.
[INFO ] 2024-01-03 23:49:36,271-[Utils] MethodGroupsHelper.sortMethods() took 0 ms.
[INFO ] 2024-01-03 23:49:36,272-[Utils] MethodGroupsHelper.collectMethodsByGroup() took 0 ms.
[INFO ] 2024-01-03 23:49:36,272-[Utils] MethodGroupsHelper.sortMethods() took 0 ms.
[INFO ] 2024-01-03 23:49:36,273-[Utils] MethodGroupsHelper.collectMethodsByGroup() took 0 ms.
[INFO ] 2024-01-03 23:49:36,274-[Utils] MethodGroupsHelper.sortMethods() took 0 ms.
[INFO ] 2024-01-03 23:49:36,275-[Utils] MethodGroupsHelper.collectMethodsByGroup() took 0 ms.
[INFO ] 2024-01-03 23:49:36,283-[Utils] MethodGroupsHelper.sortMethods() took 6 ms.
[INFO ] 2024-01-03 23:49:36,285-[Utils] MethodGroupsHelper.collectMethodsByGroup() took 0 ms.
[INFO ] 2024-01-03 23:49:36,286-[Utils] MethodGroupsHelper.sortMethods() took 0 ms.
[INFO ] 2024-01-03 23:49:36,286-[Utils] MethodGroupsHelper.collectMethodsByGroup() took 0 ms.
[INFO ] 2024-01-03 23:49:36,287-[Utils] MethodGroupsHelper.sortMethods() took 0 ms.
[INFO ] 2024-01-03 23:49:36,287-[Utils] MethodGroupsHelper.collectMethodsByGroup() took 0 ms.
[INFO ] 2024-01-03 23:49:36,288-[Utils] MethodGroupsHelper.sortMethods() took 0 ms.
[INFO ] 2024-01-03 23:49:36,293-[Utils] MethodGroupsHelper.collectMethodsByGroup() took 0 ms.
[INFO ] 2024-01-03 23:49:36,293-[Utils] MethodGroupsHelper.sortMethods() took 0 ms.
[INFO ] 2024-01-03 23:49:36,294-[Utils] MethodGroupsHelper.collectMethodsByGroup() took 0 ms.
[INFO ] 2024-01-03 23:49:36,294-[Utils] MethodGroupsHelper.sortMethods() took 0 ms.
[INFO ] 2024-01-03 23:49:36,295-[Utils] MethodGroupsHelper.collectMethodsByGroup() took 0 ms.
[INFO ] 2024-01-03 23:49:36,296-[Utils] MethodGroupsHelper.sortMethods() took 0 ms.
[INFO ] 2024-01-03 23:49:36,296-[Utils] MethodGroupsHelper.collectMethodsByGroup() took 0 ms.
[INFO ] 2024-01-03 23:49:36,296-[Utils] MethodGroupsHelper.sortMethods() took 0 ms.
[INFO ] 2024-01-03 23:49:36,300-[Utils] MethodGroupsHelper.collectMethodsByGroup() took 2 ms.
[INFO ] 2024-01-03 23:49:36,300-[Utils] MethodGroupsHelper.sortMethods() took 0 ms.
[INFO ] 2024-01-03 23:49:36,301-[Utils] MethodGroupsHelper.collectMethodsByGroup() took 0 ms.
[INFO ] 2024-01-03 23:49:36,302-[Utils] MethodGroupsHelper.sortMethods() took 0 ms.
[INFO ] 2024-01-03 23:49:36,302-[Utils] MethodGroupsHelper.collectMethodsByGroup() took 0 ms.
[INFO ] 2024-01-03 23:49:36,302-[Utils] MethodGroupsHelper.sortMethods() took 0 ms.
[INFO ] 2024-01-03 23:49:36,314-[TestNG] Running:
  C:\Users\saran\AppData\Local\Temp\testng-eclipse-1325621585\testng-customsuite.xml

[INFO ] 2024-01-03 23:49:36,337-[Utils] DynamicGraphHelper.createDynamicGraph() took 4 ms.
[INFO ] 2024-01-03 23:49:40,488-Using chromedriver 120.0.6099.109 (resolved driver for Chrome 120)
[INFO ] 2024-01-03 23:49:40,533-Exporting webdriver.chrome.driver as C:\Users\saran\.cache\selenium\chromedriver\win64\120.0.6099.109\chromedriver.exe
[INFO ] 2024-01-03 23:49:48,176-User opens DS Algo portal link
[INFO ] 2024-01-03 23:49:50,456-User clicks on Get Started button
[INFO ] 2024-01-03 23:49:50,472-User is redirected to homepage
[INFO ] 2024-01-03 23:49:51,061-User is in home page
[INFO ] 2024-01-03 23:49:52,029-User clicks on Get Started link on homepage without login
[INFO ] 2024-01-03 23:49:52,068-User get warning message as You are not logged in
[INFO ] 2024-01-03 23:49:52,393-User is in home page
[INFO ] 2024-01-03 23:49:52,871-User clicks on Get Started link on homepage without login
[INFO ] 2024-01-03 23:49:52,910-User get warning message as You are not logged in
[INFO ] 2024-01-03 23:49:53,262-User is in home page
[INFO ] 2024-01-03 23:49:53,721-User clicks on Get Started link on homepage without login
[INFO ] 2024-01-03 23:49:53,752-User get warning message as You are not logged in
[INFO ] 2024-01-03 23:49:54,137-User is in home page
[INFO ] 2024-01-03 23:49:54,578-User clicks on Get Started link on homepage without login
[INFO ] 2024-01-03 23:49:54,603-User get warning message as You are not logged in
[INFO ] 2024-01-03 23:49:54,995-User is in home page
[INFO ] 2024-01-03 23:49:55,690-User clicks on Get Started link on homepage without login
[INFO ] 2024-01-03 23:49:55,723-User get warning message as You are not logged in
[INFO ] 2024-01-03 23:49:56,183-User is in home page
[INFO ] 2024-01-03 23:49:56,993-User clicks on Get Started link on homepage without login
[INFO ] 2024-01-03 23:49:57,021-User get warning message as You are not logged in
[INFO ] 2024-01-03 23:49:57,364-User is in home page
[INFO ] 2024-01-03 23:49:57,867-User clicks on Get Started link on homepage without login
[INFO ] 2024-01-03 23:49:57,899-User get warning message as You are not logged in
[INFO ] 2024-01-03 23:49:58,197-User is in home page
[INFO ] 2024-01-03 23:49:58,648-User clicks on dropdown
[INFO ] 2024-01-03 23:49:58,678-User get warning message as You are not logged in
[INFO ] 2024-01-03 23:49:59,296-User is in home page
[INFO ] 2024-01-03 23:49:59,829-User clicks on dropdown
[INFO ] 2024-01-03 23:49:59,858-User get warning message as You are not logged in
[INFO ] 2024-01-03 23:50:00,173-User is in home page
[INFO ] 2024-01-03 23:50:00,637-User clicks on dropdown
[INFO ] 2024-01-03 23:50:00,668-User get warning message as You are not logged in
[INFO ] 2024-01-03 23:50:00,994-User is in home page
[INFO ] 2024-01-03 23:50:01,437-User clicks on dropdown
[INFO ] 2024-01-03 23:50:01,458-User get warning message as You are not logged in
[INFO ] 2024-01-03 23:50:01,762-User is in home page
[INFO ] 2024-01-03 23:50:02,201-User clicks on dropdown
[INFO ] 2024-01-03 23:50:02,233-User get warning message as You are not logged in
[INFO ] 2024-01-03 23:50:02,659-User is in home page
[INFO ] 2024-01-03 23:50:03,533-User clicks on dropdown
[INFO ] 2024-01-03 23:50:03,565-User get warning message as You are not logged in
[INFO ] 2024-01-03 23:50:03,857-User is in home page
[INFO ] 2024-01-03 23:50:04,261-User clicks on signin link
[INFO ] 2024-01-03 23:50:04,269-User is in login page
[INFO ] 2024-01-03 23:50:04,599-User opens DS Algo portal link
[INFO ] 2024-01-03 23:50:04,970-User clicks on Get Started button
[INFO ] 2024-01-03 23:50:04,992-User is redirected to homepage
[INFO ] 2024-01-03 23:50:05,640-The user in DS Algo Homepage
[INFO ] 2024-01-03 23:50:06,027-User clicks on Registration Link
[INFO ] 2024-01-03 23:50:06,282-User clicks on Registration Button with Empty feilds
[ERROR] 2024-01-03 23:50:06,363-‹------- Error message ---------Please fill out this field.>
[INFO ] 2024-01-03 23:50:06,363-Error Message dispalys below Username textbox
[INFO ] 2024-01-03 23:50:06,628-The user clicks Register button after entering Username with other fields empty
[ERROR] 2024-01-03 23:50:06,642-‹------- Error message ---------Please fill out this field.>
[INFO ] 2024-01-03 23:50:06,642-Error Message dispalys 
[INFO ] 2024-01-03 23:50:07,011-The user clicks Register button after entering Username and password with Password Confirmation field empty
[ERROR] 2024-01-03 23:50:07,024-‹------- Error message ---------Please fill out this field.>
[INFO ] 2024-01-03 23:50:07,024-Error Message dispalys 
[INFO ] 2024-01-03 23:50:07,861-Error Message dispalys below Password textbox
[INFO ] 2024-01-03 23:50:07,861-Error Message dispalys below Password textbox
[INFO ] 2024-01-03 23:50:08,585-The user clicks Register button after entering different passwords in Password and Password Confirmation fields
[ERROR] 2024-01-03 23:50:08,616-‹------- Error: ---------password_missmatch:The two password feilds didn't match.
[ERROR] 2024-01-03 23:50:09,842-‹------- Error: ---------Password should containd atleast 8 charecters.
[INFO ] 2024-01-03 23:50:10,690-‹------- Error: ---------New account created.You are logged in.
[INFO ] 2024-01-03 23:50:10,690-It should display an new message with Account Username 
[INFO ] 2024-01-03 23:53:32,447-[Utils] MethodGroupsHelper.collectMethodsByGroup() took 0 ms.
[INFO ] 2024-01-03 23:53:32,453-[Utils] MethodGroupsHelper.sortMethods() took 0 ms.
[INFO ] 2024-01-03 23:53:32,454-[Utils] MethodGroupsHelper.collectMethodsByGroup() took 0 ms.
[INFO ] 2024-01-03 23:53:32,454-[Utils] MethodGroupsHelper.sortMethods() took 0 ms.
[INFO ] 2024-01-03 23:53:32,455-[Utils] MethodGroupsHelper.collectMethodsByGroup() took 0 ms.
[INFO ] 2024-01-03 23:53:32,455-[Utils] MethodGroupsHelper.sortMethods() took 0 ms.
[INFO ] 2024-01-03 23:53:32,455-[Utils] MethodGroupsHelper.collectMethodsByGroup() took 0 ms.
[INFO ] 2024-01-03 23:53:32,456-[Utils] MethodGroupsHelper.sortMethods() took 0 ms.
[INFO ] 2024-01-03 23:53:32,456-[Utils] MethodGroupsHelper.collectMethodsByGroup() took 0 ms.
[INFO ] 2024-01-03 23:53:32,463-[Utils] MethodGroupsHelper.sortMethods() took 6 ms.
[INFO ] 2024-01-03 23:53:32,465-[Utils] MethodGroupsHelper.collectMethodsByGroup() took 0 ms.
[INFO ] 2024-01-03 23:53:32,465-[Utils] MethodGroupsHelper.sortMethods() took 0 ms.
[INFO ] 2024-01-03 23:53:32,466-[Utils] MethodGroupsHelper.collectMethodsByGroup() took 0 ms.
[INFO ] 2024-01-03 23:53:32,467-[Utils] MethodGroupsHelper.sortMethods() took 0 ms.
[INFO ] 2024-01-03 23:53:32,467-[Utils] MethodGroupsHelper.collectMethodsByGroup() took 0 ms.
[INFO ] 2024-01-03 23:53:32,467-[Utils] MethodGroupsHelper.sortMethods() took 0 ms.
[INFO ] 2024-01-03 23:53:32,470-[Utils] MethodGroupsHelper.collectMethodsByGroup() took 0 ms.
[INFO ] 2024-01-03 23:53:32,470-[Utils] MethodGroupsHelper.sortMethods() took 0 ms.
[INFO ] 2024-01-03 23:53:32,470-[Utils] MethodGroupsHelper.collectMethodsByGroup() took 0 ms.
[INFO ] 2024-01-03 23:53:32,470-[Utils] MethodGroupsHelper.sortMethods() took 0 ms.
[INFO ] 2024-01-03 23:53:32,471-[Utils] MethodGroupsHelper.collectMethodsByGroup() took 0 ms.
[INFO ] 2024-01-03 23:53:32,471-[Utils] MethodGroupsHelper.sortMethods() took 0 ms.
[INFO ] 2024-01-03 23:53:32,472-[Utils] MethodGroupsHelper.collectMethodsByGroup() took 0 ms.
[INFO ] 2024-01-03 23:53:32,472-[Utils] MethodGroupsHelper.sortMethods() took 0 ms.
[INFO ] 2024-01-03 23:53:32,476-[Utils] MethodGroupsHelper.collectMethodsByGroup() took 2 ms.
[INFO ] 2024-01-03 23:53:32,476-[Utils] MethodGroupsHelper.sortMethods() took 0 ms.
[INFO ] 2024-01-03 23:53:32,480-[Utils] MethodGroupsHelper.collectMethodsByGroup() took 0 ms.
[INFO ] 2024-01-03 23:53:32,480-[Utils] MethodGroupsHelper.sortMethods() took 0 ms.
[INFO ] 2024-01-03 23:53:32,480-[Utils] MethodGroupsHelper.collectMethodsByGroup() took 0 ms.
[INFO ] 2024-01-03 23:53:32,481-[Utils] MethodGroupsHelper.sortMethods() took 0 ms.
[INFO ] 2024-01-03 23:53:32,490-[TestNG] Running:
  C:\Users\saran\AppData\Local\Temp\testng-eclipse-217862748\testng-customsuite.xml

[INFO ] 2024-01-03 23:53:32,513-[Utils] DynamicGraphHelper.createDynamicGraph() took 5 ms.
[INFO ] 2024-01-03 23:53:34,281-Using chromedriver 120.0.6099.109 (resolved driver for Chrome 120)
[INFO ] 2024-01-03 23:53:34,308-Exporting webdriver.chrome.driver as C:\Users\saran\.cache\selenium\chromedriver\win64\120.0.6099.109\chromedriver.exe
[INFO ] 2024-01-03 23:53:40,493-User is in home page
[INFO ] 2024-01-03 23:53:40,815-User is in home page
[INFO ] 2024-01-03 23:53:41,262-User is in home page
[INFO ] 2024-01-03 23:53:41,545-User is in home page
[INFO ] 2024-01-03 23:53:41,828-User is in home page
[INFO ] 2024-01-03 23:53:42,114-User is in home page
[INFO ] 2024-01-03 23:53:42,398-User is in home page
[INFO ] 2024-01-03 23:53:42,668-User is in home page
[INFO ] 2024-01-03 23:53:42,974-User is in home page
[INFO ] 2024-01-03 23:53:43,686-User opens DS Algo portal link
[INFO ] 2024-01-03 23:56:04,066-The user in DS Algo Homepage
[INFO ] 2024-01-03 23:56:36,336-Using chromedriver 120.0.6099.109 (resolved driver for Chrome 120)
[INFO ] 2024-01-03 23:56:36,367-Exporting webdriver.chrome.driver as C:\Users\saran\.cache\selenium\chromedriver\win64\120.0.6099.109\chromedriver.exe
[INFO ] 2024-01-03 23:56:42,055-User opens DS Algo portal link
[INFO ] 2024-01-03 23:56:43,873-User clicks on Get Started button
[INFO ] 2024-01-03 23:56:43,892-User is redirected to homepage
[INFO ] 2024-01-03 23:56:44,328-User is in home page
[INFO ] 2024-01-03 23:56:44,901-User clicks on Get Started link on homepage without login
[INFO ] 2024-01-03 23:56:44,939-User get warning message as You are not logged in
[INFO ] 2024-01-03 23:56:45,292-User is in home page
[INFO ] 2024-01-03 23:56:45,798-User clicks on Get Started link on homepage without login
[INFO ] 2024-01-03 23:56:45,827-User get warning message as You are not logged in
[INFO ] 2024-01-03 23:56:46,171-User is in home page
[INFO ] 2024-01-03 23:56:46,586-User clicks on Get Started link on homepage without login
[INFO ] 2024-01-03 23:56:46,619-User get warning message as You are not logged in
[INFO ] 2024-01-03 23:56:46,939-User is in home page
[INFO ] 2024-01-03 23:56:48,141-User clicks on Get Started link on homepage without login
[INFO ] 2024-01-03 23:56:48,174-User get warning message as You are not logged in
[INFO ] 2024-01-03 23:56:48,482-User is in home page
[INFO ] 2024-01-03 23:56:48,920-User clicks on Get Started link on homepage without login
[INFO ] 2024-01-03 23:56:48,948-User get warning message as You are not logged in
[INFO ] 2024-01-03 23:56:49,260-User is in home page
[INFO ] 2024-01-03 23:56:49,675-User clicks on Get Started link on homepage without login
[INFO ] 2024-01-03 23:56:49,709-User get warning message as You are not logged in
[INFO ] 2024-01-03 23:56:50,015-User is in home page
[INFO ] 2024-01-03 23:56:50,447-User clicks on Get Started link on homepage without login
[INFO ] 2024-01-03 23:56:50,476-User get warning message as You are not logged in
[INFO ] 2024-01-03 23:56:52,035-User is in home page
[INFO ] 2024-01-03 23:56:52,484-User clicks on dropdown
[INFO ] 2024-01-03 23:56:52,511-User get warning message as You are not logged in
[INFO ] 2024-01-03 23:56:52,810-User is in home page
[INFO ] 2024-01-03 23:56:53,240-User clicks on dropdown
[INFO ] 2024-01-03 23:56:53,269-User get warning message as You are not logged in
[INFO ] 2024-01-03 23:56:54,799-User is in home page
[INFO ] 2024-01-03 23:56:55,263-User clicks on dropdown
[INFO ] 2024-01-03 23:56:55,279-User get warning message as You are not logged in
[INFO ] 2024-01-03 23:56:55,614-User is in home page
[INFO ] 2024-01-03 23:56:56,037-User clicks on dropdown
[INFO ] 2024-01-03 23:56:56,067-User get warning message as You are not logged in
[INFO ] 2024-01-03 23:56:56,350-User is in home page
[INFO ] 2024-01-03 23:56:57,545-User clicks on dropdown
[INFO ] 2024-01-03 23:56:57,563-User get warning message as You are not logged in
[INFO ] 2024-01-03 23:56:57,868-User is in home page
[INFO ] 2024-01-03 23:56:58,295-User clicks on dropdown
[INFO ] 2024-01-03 23:56:58,313-User get warning message as You are not logged in
[INFO ] 2024-01-03 23:56:58,618-User is in home page
[INFO ] 2024-01-03 23:57:00,083-User clicks on signin link
[INFO ] 2024-01-03 23:57:00,104-User is in login page
[INFO ] 2024-01-03 23:57:00,702-User opens DS Algo portal link
[INFO ] 2024-01-03 23:57:01,076-User clicks on Get Started button
[INFO ] 2024-01-03 23:57:01,091-User is redirected to homepage
[INFO ] 2024-01-03 23:57:01,146-The user in DS Algo Homepage
[INFO ] 2024-01-03 23:57:01,523-User clicks on Registration Link
[INFO ] 2024-01-03 23:57:01,773-User clicks on Registration Button with Empty feilds
[ERROR] 2024-01-03 23:57:01,816-‹------- Error message ---------Please fill out this field.>
[INFO ] 2024-01-03 23:57:01,816-Error Message dispalys below Username textbox
[INFO ] 2024-01-03 23:57:02,145-The user clicks Register button after entering Username with other fields empty
[ERROR] 2024-01-03 23:57:02,179-‹------- Error message ---------Please fill out this field.>
[INFO ] 2024-01-03 23:57:02,179-Error Message dispalys 
[INFO ] 2024-01-03 23:57:02,560-The user clicks Register button after entering Username and password with Password Confirmation field empty
[ERROR] 2024-01-03 23:57:02,582-‹------- Error message ---------Please fill out this field.>
[INFO ] 2024-01-03 23:57:02,582-Error Message dispalys 
[INFO ] 2024-01-03 23:57:03,284-Error Message dispalys below Password textbox
[INFO ] 2024-01-03 23:57:03,284-Error Message dispalys below Password textbox
[INFO ] 2024-01-03 23:57:03,989-The user clicks Register button after entering different passwords in Password and Password Confirmation fields
[ERROR] 2024-01-03 23:57:04,015-‹------- Error: ---------password_missmatch:The two password feilds didn't match.
[ERROR] 2024-01-03 23:57:04,801-‹------- Error: ---------Password should containd atleast 8 charecters.
[INFO ] 2024-01-03 23:57:05,585-‹------- Error: ---------New account created.You are logged in.
[INFO ] 2024-01-03 23:57:05,585-It should display an new message with Account Username 
[INFO ] 2024-01-04 01:21:18,229-Using chromedriver 120.0.6099.109 (resolved driver for Chrome 120)
[INFO ] 2024-01-04 01:21:18,261-Exporting webdriver.chrome.driver as C:\Users\saran\.cache\selenium\chromedriver\win64\120.0.6099.109\chromedriver.exe
[INFO ] 2024-01-04 01:21:32,753-User opens DS Algo portal link
[INFO ] 2024-01-04 01:21:34,304-User clicks on Get Started button
[INFO ] 2024-01-04 01:21:34,639-User is redirected to homepage
[INFO ] 2024-01-04 01:21:36,214-User is in home page
[INFO ] 2024-01-04 01:21:36,698-User clicks on Get Started link on homepage without login
[INFO ] 2024-01-04 01:21:36,753-User get warning message as You are not logged in
[INFO ] 2024-01-04 01:21:37,162-User is in home page
[INFO ] 2024-01-04 01:21:37,828-User clicks on Get Started link on homepage without login
[INFO ] 2024-01-04 01:21:37,878-User get warning message as You are not logged in
[INFO ] 2024-01-04 01:21:38,297-User is in home page
[INFO ] 2024-01-04 01:21:38,769-User clicks on Get Started link on homepage without login
[INFO ] 2024-01-04 01:21:38,806-User get warning message as You are not logged in
[INFO ] 2024-01-04 01:21:39,166-User is in home page
[INFO ] 2024-01-04 01:21:39,714-User clicks on Get Started link on homepage without login
[INFO ] 2024-01-04 01:21:39,753-User get warning message as You are not logged in
[INFO ] 2024-01-04 01:21:40,327-User is in home page
[INFO ] 2024-01-04 01:21:41,043-User clicks on Get Started link on homepage without login
[INFO ] 2024-01-04 01:21:41,086-User get warning message as You are not logged in
[INFO ] 2024-01-04 01:21:41,651-User is in home page
[INFO ] 2024-01-04 01:21:42,135-User clicks on Get Started link on homepage without login
[INFO ] 2024-01-04 01:21:42,175-User get warning message as You are not logged in
[INFO ] 2024-01-04 01:21:42,514-User is in home page
[INFO ] 2024-01-04 01:21:43,027-User clicks on Get Started link on homepage without login
[INFO ] 2024-01-04 01:21:43,066-User get warning message as You are not logged in
[INFO ] 2024-01-04 01:21:43,544-User is in home page
[INFO ] 2024-01-04 01:21:44,109-User clicks on dropdown
[INFO ] 2024-01-04 01:21:44,147-User get warning message as You are not logged in
[INFO ] 2024-01-04 01:21:44,489-User is in home page
[INFO ] 2024-01-04 01:21:45,211-User clicks on dropdown
[INFO ] 2024-01-04 01:21:45,253-User get warning message as You are not logged in
[INFO ] 2024-01-04 01:21:45,605-User is in home page
[INFO ] 2024-01-04 01:21:46,137-User clicks on dropdown
[INFO ] 2024-01-04 01:21:46,173-User get warning message as You are not logged in
[INFO ] 2024-01-04 01:21:46,545-User is in home page
[INFO ] 2024-01-04 01:21:47,029-User clicks on dropdown
[INFO ] 2024-01-04 01:21:47,152-User get warning message as You are not logged in
[INFO ] 2024-01-04 01:21:47,478-User is in home page
[INFO ] 2024-01-04 01:21:48,001-User clicks on dropdown
[INFO ] 2024-01-04 01:21:48,034-User get warning message as You are not logged in
[INFO ] 2024-01-04 01:21:48,364-User is in home page
[INFO ] 2024-01-04 01:21:48,850-User clicks on dropdown
[INFO ] 2024-01-04 01:21:48,893-User get warning message as You are not logged in
[INFO ] 2024-01-04 01:21:49,284-User is in home page
[INFO ] 2024-01-04 01:21:49,691-User clicks on signin link
[INFO ] 2024-01-04 01:21:49,705-User is in login page
[INFO ] 2024-01-04 01:21:50,108-User opens DS Algo portal link
[INFO ] 2024-01-04 01:21:50,504-User clicks on Get Started button
[INFO ] 2024-01-04 01:21:50,520-User is redirected to homepage
[INFO ] 2024-01-04 01:21:51,003-The user in DS Algo Homepage
[INFO ] 2024-01-04 01:21:51,411-User clicks on Registration Link
[INFO ] 2024-01-04 01:21:51,692-User clicks on Registration Button with Empty feilds
[ERROR] 2024-01-04 01:21:51,807-‹------- Error message ---------Please fill out this field.>
[INFO ] 2024-01-04 01:21:51,807-Error Message dispalys below Username textbox
[INFO ] 2024-01-04 01:21:52,069-The user clicks Register button after entering Username with other fields empty
[ERROR] 2024-01-04 01:21:52,099-‹------- Error message ---------Please fill out this field.>
[INFO ] 2024-01-04 01:21:52,099-Error Message dispalys 
[INFO ] 2024-01-04 01:21:52,507-The user clicks Register button after entering Username and password with Password Confirmation field empty
[ERROR] 2024-01-04 01:21:52,530-‹------- Error message ---------Please fill out this field.>
[INFO ] 2024-01-04 01:21:52,531-Error Message dispalys 
[INFO ] 2024-01-04 01:21:53,365-Error Message dispalys below Password textbox
[INFO ] 2024-01-04 01:21:53,369-Error Message dispalys below Password textbox
[INFO ] 2024-01-04 01:21:54,178-The user clicks Register button after entering different passwords in Password and Password Confirmation fields
[ERROR] 2024-01-04 01:21:54,213-‹------- Error: ---------password_missmatch:The two password feilds didn't match.
[ERROR] 2024-01-04 01:21:55,795-‹------- Error: ---------Password should containd atleast 8 charecters.
[INFO ] 2024-01-04 01:21:56,660-‹------- Error: ---------New account created.You are logged in.
[INFO ] 2024-01-04 01:21:56,661-It should display an new message with Account Username 
[WARN ] 2024-01-04 02:45:29,137-Support to run JUnit tests using TestNG stands deprecated and will be removed in future versions. You can now use the JUnit5 TestNG engine to run both JUnit and TestNG tests. For more information refer to https://github.com/junit-team/testng-engine .
[INFO ] 2024-01-04 02:45:35,685-Using chromedriver 120.0.6099.109 (resolved driver for Chrome 120)
[INFO ] 2024-01-04 02:45:35,716-Exporting webdriver.chrome.driver as C:\Users\saran\.cache\selenium\chromedriver\win64\120.0.6099.109\chromedriver.exe
[INFO ] 2024-01-04 02:45:55,362-User opens DS Algo portal link
[INFO ] 2024-01-04 02:45:59,005-User clicks on Get Started button
[INFO ] 2024-01-04 02:45:59,021-User is redirected to homepage
[INFO ] 2024-01-04 02:46:00,511-User is in home page
[INFO ] 2024-01-04 02:46:01,259-User clicks on Get Started link on homepage without login
[INFO ] 2024-01-04 02:46:01,300-User get warning message as You are not logged in
[INFO ] 2024-01-04 02:46:02,221-User is in home page
[INFO ] 2024-01-04 02:46:03,170-User clicks on Get Started link on homepage without login
[INFO ] 2024-01-04 02:46:03,200-User get warning message as You are not logged in
[INFO ] 2024-01-04 02:46:03,541-User is in home page
[INFO ] 2024-01-04 02:46:04,142-User clicks on Get Started link on homepage without login
[INFO ] 2024-01-04 02:46:04,173-User get warning message as You are not logged in
[INFO ] 2024-01-04 02:46:04,532-User is in home page
[INFO ] 2024-01-04 02:46:05,451-User clicks on Get Started link on homepage without login
[INFO ] 2024-01-04 02:46:05,485-User get warning message as You are not logged in
[INFO ] 2024-01-04 02:46:06,325-User is in home page
[INFO ] 2024-01-04 02:46:06,879-User clicks on Get Started link on homepage without login
[INFO ] 2024-01-04 02:46:06,912-User get warning message as You are not logged in
[INFO ] 2024-01-04 02:46:07,538-User is in home page
[INFO ] 2024-01-04 02:46:08,086-User clicks on Get Started link on homepage without login
[INFO ] 2024-01-04 02:46:08,115-User get warning message as You are not logged in
[INFO ] 2024-01-04 02:46:08,527-User is in home page
[INFO ] 2024-01-04 02:46:09,202-User clicks on Get Started link on homepage without login
[INFO ] 2024-01-04 02:46:09,226-User get warning message as You are not logged in
[INFO ] 2024-01-04 02:46:09,570-User is in home page
[INFO ] 2024-01-04 02:46:10,350-User clicks on dropdown
[INFO ] 2024-01-04 02:46:10,380-User get warning message as You are not logged in
[INFO ] 2024-01-04 02:46:10,861-User is in home page
[INFO ] 2024-01-04 02:46:11,381-User clicks on dropdown
[INFO ] 2024-01-04 02:46:11,410-User get warning message as You are not logged in
[INFO ] 2024-01-04 02:46:12,128-User is in home page
[INFO ] 2024-01-04 02:46:12,854-User clicks on dropdown
[INFO ] 2024-01-04 02:46:12,879-User get warning message as You are not logged in
[INFO ] 2024-01-04 02:46:13,408-User is in home page
[INFO ] 2024-01-04 02:46:13,899-User clicks on dropdown
[INFO ] 2024-01-04 02:46:13,925-User get warning message as You are not logged in
[INFO ] 2024-01-04 02:46:14,884-User is in home page
[INFO ] 2024-01-04 02:46:15,418-User clicks on dropdown
[INFO ] 2024-01-04 02:46:15,444-User get warning message as You are not logged in
[INFO ] 2024-01-04 02:46:15,878-User is in home page
[INFO ] 2024-01-04 02:46:16,348-User clicks on dropdown
[INFO ] 2024-01-04 02:46:16,375-User get warning message as You are not logged in
[INFO ] 2024-01-04 02:46:16,755-User is in home page
[INFO ] 2024-01-04 02:46:17,284-User clicks on signin link
[INFO ] 2024-01-04 02:46:17,296-User is in login page
[INFO ] 2024-01-04 02:46:17,655-User opens DS Algo portal link
[INFO ] 2024-01-04 02:46:18,209-User clicks on Get Started button
[INFO ] 2024-01-04 02:46:18,220-User is redirected to homepage
[INFO ] 2024-01-04 02:46:20,017-The user in DS Algo Homepage
[INFO ] 2024-01-04 02:46:20,590-User clicks on Registration Link
[INFO ] 2024-01-04 02:46:20,853-User clicks on Registration Button with Empty feilds
[ERROR] 2024-01-04 02:46:20,976-‹------- Error message ---------Please fill out this field.>
[INFO ] 2024-01-04 02:46:20,976-Error Message dispalys below Username textbox
[INFO ] 2024-01-04 02:46:24,062-The user clicks Register button after entering Username with other fields empty
[ERROR] 2024-01-04 02:46:24,087-‹------- Error message ---------Please fill out this field.>
[INFO ] 2024-01-04 02:46:24,087-Error Message dispalys 
[INFO ] 2024-01-04 02:46:24,482-The user clicks Register button after entering Username and password with Password Confirmation field empty
[ERROR] 2024-01-04 02:46:24,508-‹------- Error message ---------Please fill out this field.>
[INFO ] 2024-01-04 02:46:24,508-Error Message dispalys 
[INFO ] 2024-01-04 02:46:28,006-Error Message dispalys below Password textbox
[INFO ] 2024-01-04 02:46:28,008-Error Message dispalys below Password textbox
[INFO ] 2024-01-04 02:46:29,808-The user clicks Register button after entering different passwords in Password and Password Confirmation fields
[ERROR] 2024-01-04 02:46:29,836-‹------- Error: ---------password_missmatch:The two password feilds didn't match.
[ERROR] 2024-01-04 02:46:32,198-‹------- Error: ---------Password should containd atleast 8 charecters.
[INFO ] 2024-01-04 02:46:33,953-‹------- Error: ---------New account created.You are logged in.
[INFO ] 2024-01-04 02:46:33,953-It should display an new message with Account Username 
[WARN ] 2024-01-04 16:03:05,055-Support to run JUnit tests using TestNG stands deprecated and will be removed in future versions. You can now use the JUnit5 TestNG engine to run both JUnit and TestNG tests. For more information refer to https://github.com/junit-team/testng-engine .
[INFO ] 2024-01-04 16:03:28,625-Using chromedriver 120.0.6099.109 (resolved driver for Chrome 120)
[INFO ] 2024-01-04 16:03:28,648-Exporting webdriver.chrome.driver as C:\Users\saran\.cache\selenium\chromedriver\win64\120.0.6099.109\chromedriver.exe
[INFO ] 2024-01-04 16:03:41,380-User opens DS Algo portal link
[INFO ] 2024-01-04 16:03:44,872-User clicks on Get Started button
[INFO ] 2024-01-04 16:03:44,887-User is redirected to homepage
[INFO ] 2024-01-04 16:03:45,342-User is in home page
[INFO ] 2024-01-04 16:03:45,851-User clicks on Get Started link on homepage without login
[INFO ] 2024-01-04 16:03:45,904-User get warning message as You are not logged in
[INFO ] 2024-01-04 16:03:46,240-User is in home page
[INFO ] 2024-01-04 16:03:46,919-User clicks on Get Started link on homepage without login
[INFO ] 2024-01-04 16:03:46,962-User get warning message as You are not logged in
[INFO ] 2024-01-04 16:03:47,315-User is in home page
[INFO ] 2024-01-04 16:03:47,718-User clicks on Get Started link on homepage without login
[INFO ] 2024-01-04 16:03:47,753-User get warning message as You are not logged in
[INFO ] 2024-01-04 16:03:48,072-User is in home page
[INFO ] 2024-01-04 16:03:49,143-User clicks on Get Started link on homepage without login
[INFO ] 2024-01-04 16:03:49,173-User get warning message as You are not logged in
[INFO ] 2024-01-04 16:03:49,465-User is in home page
[INFO ] 2024-01-04 16:03:50,021-User clicks on Get Started link on homepage without login
[INFO ] 2024-01-04 16:03:50,052-User get warning message as You are not logged in
[INFO ] 2024-01-04 16:03:50,343-User is in home page
[INFO ] 2024-01-04 16:03:50,836-User clicks on Get Started link on homepage without login
[INFO ] 2024-01-04 16:03:51,188-User get warning message as You are not logged in
[INFO ] 2024-01-04 16:03:51,489-User is in home page
[INFO ] 2024-01-04 16:03:52,056-User clicks on Get Started link on homepage without login
[INFO ] 2024-01-04 16:03:52,087-User get warning message as You are not logged in
[INFO ] 2024-01-04 16:03:52,377-User is in home page
[INFO ] 2024-01-04 16:03:52,820-User clicks on dropdown
[INFO ] 2024-01-04 16:03:53,143-User get warning message as You are not logged in
[INFO ] 2024-01-04 16:03:53,434-User is in home page
[INFO ] 2024-01-04 16:03:54,181-User clicks on dropdown
[INFO ] 2024-01-04 16:03:54,855-User get warning message as You are not logged in
[INFO ] 2024-01-04 16:03:55,600-User is in home page
[INFO ] 2024-01-04 16:03:56,101-User clicks on dropdown
[INFO ] 2024-01-04 16:03:56,141-User get warning message as You are not logged in
[INFO ] 2024-01-04 16:03:56,435-User is in home page
[INFO ] 2024-01-04 16:03:57,078-User clicks on dropdown
[INFO ] 2024-01-04 16:03:57,112-User get warning message as You are not logged in
[INFO ] 2024-01-04 16:03:57,398-User is in home page
[INFO ] 2024-01-04 16:03:57,928-User clicks on dropdown
[INFO ] 2024-01-04 16:03:58,028-User get warning message as You are not logged in
[INFO ] 2024-01-04 16:03:58,331-User is in home page
[INFO ] 2024-01-04 16:03:58,753-User clicks on dropdown
[INFO ] 2024-01-04 16:03:58,785-User get warning message as You are not logged in
[INFO ] 2024-01-04 16:03:59,077-User is in home page
[INFO ] 2024-01-04 16:03:59,423-User clicks on signin link
[INFO ] 2024-01-04 16:03:59,432-User is in login page
[INFO ] 2024-01-04 16:04:00,679-User opens DS Algo portal link
[INFO ] 2024-01-04 16:04:02,300-User clicks on Get Started button
[INFO ] 2024-01-04 16:04:02,394-User is redirected to homepage
[INFO ] 2024-01-04 16:04:05,123-The user in DS Algo Homepage
[INFO ] 2024-01-04 16:04:05,474-User clicks on Registration Link
[INFO ] 2024-01-04 16:04:05,719-User clicks on Registration Button with Empty feilds
[ERROR] 2024-01-04 16:04:06,297-‹------- Error message ---------Please fill out this field.>
[INFO ] 2024-01-04 16:04:06,297-Error Message dispalys below Username textbox
[INFO ] 2024-01-04 16:04:06,526-The user clicks Register button after entering Username with other fields empty
[ERROR] 2024-01-04 16:04:06,548-‹------- Error message ---------Please fill out this field.>
[INFO ] 2024-01-04 16:04:06,548-Error Message dispalys 
[INFO ] 2024-01-04 16:04:06,903-The user clicks Register button after entering Username and password with Password Confirmation field empty
[ERROR] 2024-01-04 16:04:06,911-‹------- Error message ---------Please fill out this field.>
[INFO ] 2024-01-04 16:04:06,911-Error Message dispalys 
[INFO ] 2024-01-04 16:04:08,042-Error Message dispalys below Password textbox
[INFO ] 2024-01-04 16:04:08,043-Error Message dispalys below Password textbox
[INFO ] 2024-01-04 16:04:09,684-The user clicks Register button after entering different passwords in Password and Password Confirmation fields
[ERROR] 2024-01-04 16:04:09,696-‹------- Error: ---------password_missmatch:The two password feilds didn't match.
[ERROR] 2024-01-04 16:04:11,697-‹------- Error: ---------Password should containd atleast 8 charecters.
[INFO ] 2024-01-04 16:04:13,167-‹------- Error: ---------New account created.You are logged in.
[INFO ] 2024-01-04 16:04:13,306-It should display an new message with Account Username 
[INFO ] 2024-01-04 16:32:56,149-Using chromedriver 120.0.6099.109 (resolved driver for Chrome 120)
[INFO ] 2024-01-04 16:32:56,179-Exporting webdriver.chrome.driver as C:\Users\saran\.cache\selenium\chromedriver\win64\120.0.6099.109\chromedriver.exe
[INFO ] 2024-01-04 16:33:05,675-User opens DS Algo portal link
[INFO ] 2024-01-04 16:33:07,611-User clicks on Get Started button
[INFO ] 2024-01-04 16:33:07,627-User is redirected to homepage
[INFO ] 2024-01-04 16:33:08,036-User is in home page
[INFO ] 2024-01-04 16:33:08,577-User clicks on Get Started link on homepage without login
[INFO ] 2024-01-04 16:33:08,620-User get warning message as You are not logged in
[INFO ] 2024-01-04 16:33:08,965-User is in home page
[INFO ] 2024-01-04 16:33:09,471-User clicks on Get Started link on homepage without login
[INFO ] 2024-01-04 16:33:09,500-User get warning message as You are not logged in
[INFO ] 2024-01-04 16:33:10,206-User is in home page
[INFO ] 2024-01-04 16:33:11,049-User clicks on Get Started link on homepage without login
[INFO ] 2024-01-04 16:33:11,078-User get warning message as You are not logged in
[INFO ] 2024-01-04 16:33:11,382-User is in home page
[INFO ] 2024-01-04 16:33:11,928-User clicks on Get Started link on homepage without login
[INFO ] 2024-01-04 16:33:11,956-User get warning message as You are not logged in
[INFO ] 2024-01-04 16:33:12,257-User is in home page
[INFO ] 2024-01-04 16:33:12,929-User clicks on Get Started link on homepage without login
[INFO ] 2024-01-04 16:33:12,958-User get warning message as You are not logged in
[INFO ] 2024-01-04 16:33:13,305-User is in home page
[INFO ] 2024-01-04 16:33:13,770-User clicks on Get Started link on homepage without login
[INFO ] 2024-01-04 16:33:13,952-User get warning message as You are not logged in
[INFO ] 2024-01-04 16:33:14,253-User is in home page
[INFO ] 2024-01-04 16:33:14,747-User clicks on Get Started link on homepage without login
[INFO ] 2024-01-04 16:33:14,780-User get warning message as You are not logged in
[INFO ] 2024-01-04 16:33:15,081-User is in home page
[INFO ] 2024-01-04 16:33:15,528-User clicks on dropdown
[INFO ] 2024-01-04 16:33:15,556-User get warning message as You are not logged in
[INFO ] 2024-01-04 16:33:15,854-User is in home page
[INFO ] 2024-01-04 16:33:16,311-User clicks on dropdown
[INFO ] 2024-01-04 16:33:16,501-User get warning message as You are not logged in
[INFO ] 2024-01-04 16:33:16,794-User is in home page
[INFO ] 2024-01-04 16:33:17,237-User clicks on dropdown
[INFO ] 2024-01-04 16:33:17,269-User get warning message as You are not logged in
[INFO ] 2024-01-04 16:33:17,571-User is in home page
[INFO ] 2024-01-04 16:33:17,993-User clicks on dropdown
[INFO ] 2024-01-04 16:33:18,275-User get warning message as You are not logged in
[INFO ] 2024-01-04 16:33:18,574-User is in home page
[INFO ] 2024-01-04 16:33:19,021-User clicks on dropdown
[INFO ] 2024-01-04 16:33:19,053-User get warning message as You are not logged in
[INFO ] 2024-01-04 16:33:19,788-User is in home page
[INFO ] 2024-01-04 16:33:20,202-User clicks on dropdown
[INFO ] 2024-01-04 16:33:20,237-User get warning message as You are not logged in
[INFO ] 2024-01-04 16:33:20,540-User is in home page
[INFO ] 2024-01-04 16:33:20,894-User clicks on signin link
[INFO ] 2024-01-04 16:33:20,904-User is in login page
[INFO ] 2024-01-04 16:33:21,447-User opens DS Algo portal link
[INFO ] 2024-01-04 16:33:21,791-User clicks on Get Started button
[INFO ] 2024-01-04 16:33:21,987-User is redirected to homepage
[INFO ] 2024-01-04 16:33:22,054-The user in DS Algo Homepage
[INFO ] 2024-01-04 16:33:22,425-User clicks on Registration Link
[INFO ] 2024-01-04 16:33:22,674-User clicks on Registration Button with Empty feilds
[ERROR] 2024-01-04 16:33:22,731-‹------- Error message ---------Please fill out this field.>
[INFO ] 2024-01-04 16:33:22,731-Error Message dispalys below Username textbox
[INFO ] 2024-01-04 16:33:23,055-The user clicks Register button after entering Username with other fields empty
[ERROR] 2024-01-04 16:33:23,069-‹------- Error message ---------Please fill out this field.>
[INFO ] 2024-01-04 16:33:23,069-Error Message dispalys 
[INFO ] 2024-01-04 16:33:23,444-The user clicks Register button after entering Username and password with Password Confirmation field empty
[ERROR] 2024-01-04 16:33:23,452-‹------- Error message ---------Please fill out this field.>
[INFO ] 2024-01-04 16:33:23,452-Error Message dispalys 
[INFO ] 2024-01-04 16:33:24,163-Error Message dispalys below Password textbox
[INFO ] 2024-01-04 16:33:24,166-Error Message dispalys below Password textbox
[INFO ] 2024-01-04 16:33:24,901-The user clicks Register button after entering different passwords in Password and Password Confirmation fields
[ERROR] 2024-01-04 16:33:24,929-‹------- Error: ---------password_missmatch:The two password feilds didn't match.
[ERROR] 2024-01-04 16:33:26,115-‹------- Error: ---------Password should containd atleast 8 charecters.
[INFO ] 2024-01-04 16:33:26,904-‹------- Error: ---------New account created.You are logged in.
[INFO ] 2024-01-04 16:33:26,904-It should display an new message with Account Username 
[INFO ] 2024-01-04 16:54:59,721-Using chromedriver 120.0.6099.109 (resolved driver for Chrome 120)
[INFO ] 2024-01-04 16:54:59,752-Exporting webdriver.chrome.driver as C:\Users\saran\.cache\selenium\chromedriver\win64\120.0.6099.109\chromedriver.exe
[INFO ] 2024-01-04 16:55:04,341-User opens DS Algo portal link
[INFO ] 2024-01-04 16:55:06,140-User clicks on Get Started button
[INFO ] 2024-01-04 16:55:06,156-User is redirected to homepage
[INFO ] 2024-01-04 16:55:06,606-User is in home page
[INFO ] 2024-01-04 16:55:07,304-User clicks on Get Started link on homepage without login
[INFO ] 2024-01-04 16:55:07,346-User get warning message as You are not logged in
[INFO ] 2024-01-04 16:55:07,672-User is in home page
[INFO ] 2024-01-04 16:55:08,175-User clicks on Get Started link on homepage without login
[INFO ] 2024-01-04 16:55:08,206-User get warning message as You are not logged in
[INFO ] 2024-01-04 16:55:08,536-User is in home page
[INFO ] 2024-01-04 16:55:08,966-User clicks on Get Started link on homepage without login
[INFO ] 2024-01-04 16:55:08,999-User get warning message as You are not logged in
[INFO ] 2024-01-04 16:55:09,322-User is in home page
[INFO ] 2024-01-04 16:55:10,196-User clicks on Get Started link on homepage without login
[INFO ] 2024-01-04 16:55:10,331-User get warning message as You are not logged in
[INFO ] 2024-01-04 16:55:10,640-User is in home page
[INFO ] 2024-01-04 16:55:11,189-User clicks on Get Started link on homepage without login
[INFO ] 2024-01-04 16:55:11,221-User get warning message as You are not logged in
[INFO ] 2024-01-04 16:55:11,525-User is in home page
[INFO ] 2024-01-04 16:55:12,010-User clicks on Get Started link on homepage without login
[INFO ] 2024-01-04 16:55:12,040-User get warning message as You are not logged in
[INFO ] 2024-01-04 16:55:12,479-User is in home page
[INFO ] 2024-01-04 16:55:13,246-User clicks on Get Started link on homepage without login
[INFO ] 2024-01-04 16:55:13,275-User get warning message as You are not logged in
[INFO ] 2024-01-04 16:55:13,586-User is in home page
[INFO ] 2024-01-04 16:55:14,062-User clicks on dropdown
[INFO ] 2024-01-04 16:55:14,094-User get warning message as You are not logged in
[INFO ] 2024-01-04 16:55:14,383-User is in home page
[INFO ] 2024-01-04 16:55:14,841-User clicks on dropdown
[INFO ] 2024-01-04 16:55:14,868-User get warning message as You are not logged in
[INFO ] 2024-01-04 16:55:15,155-User is in home page
[INFO ] 2024-01-04 16:55:15,850-User clicks on dropdown
[INFO ] 2024-01-04 16:55:15,867-User get warning message as You are not logged in
[INFO ] 2024-01-04 16:55:16,352-User is in home page
[INFO ] 2024-01-04 16:55:16,970-User clicks on dropdown
[INFO ] 2024-01-04 16:55:17,006-User get warning message as You are not logged in
[INFO ] 2024-01-04 16:55:17,305-User is in home page
[INFO ] 2024-01-04 16:55:17,733-User clicks on dropdown
[INFO ] 2024-01-04 16:55:17,751-User get warning message as You are not logged in
[INFO ] 2024-01-04 16:55:18,051-User is in home page
[INFO ] 2024-01-04 16:55:18,605-User clicks on dropdown
[INFO ] 2024-01-04 16:55:18,632-User get warning message as You are not logged in
[INFO ] 2024-01-04 16:55:18,918-User is in home page
[INFO ] 2024-01-04 16:55:19,264-User clicks on signin link
[INFO ] 2024-01-04 16:55:19,275-User is in login page
[INFO ] 2024-01-04 16:55:19,888-User opens DS Algo portal link
[INFO ] 2024-01-04 16:55:20,262-User clicks on Get Started button
[INFO ] 2024-01-04 16:55:20,273-User is redirected to homepage
[INFO ] 2024-01-04 16:55:20,315-The user in DS Algo Homepage
[INFO ] 2024-01-04 16:55:20,806-User clicks on Registration Link
[INFO ] 2024-01-04 16:55:21,062-User clicks on Registration Button with Empty feilds
[ERROR] 2024-01-04 16:55:21,103-‹------- Error message ---------Please fill out this field.>
[INFO ] 2024-01-04 16:55:21,104-Error Message dispalys below Username textbox
[INFO ] 2024-01-04 16:55:21,450-The user clicks Register button after entering Username with other fields empty
[ERROR] 2024-01-04 16:55:21,483-‹------- Error message ---------Please fill out this field.>
[INFO ] 2024-01-04 16:55:21,483-Error Message dispalys 
[INFO ] 2024-01-04 16:55:21,871-The user clicks Register button after entering Username and password with Password Confirmation field empty
[ERROR] 2024-01-04 16:55:21,895-‹------- Error message ---------Please fill out this field.>
[INFO ] 2024-01-04 16:55:21,896-Error Message dispalys 
[INFO ] 2024-01-04 16:55:22,691-Error Message dispalys below Password textbox
[INFO ] 2024-01-04 16:55:22,691-Error Message dispalys below Password textbox
[INFO ] 2024-01-04 16:55:23,434-The user clicks Register button after entering different passwords in Password and Password Confirmation fields
[ERROR] 2024-01-04 16:55:23,450-‹------- Error: ---------password_missmatch:The two password feilds didn't match.
[ERROR] 2024-01-04 16:55:24,266-‹------- Error: ---------Password should containd atleast 8 charecters.
[INFO ] 2024-01-04 16:55:25,199-‹------- Error: ---------New account created.You are logged in.
[INFO ] 2024-01-04 16:55:25,199-It should display an new message with Account Username 
[INFO ] 2024-01-04 23:15:57,429-Using chromedriver 120.0.6099.109 (resolved driver for Chrome 120)
[INFO ] 2024-01-04 23:15:57,449-Exporting webdriver.chrome.driver as C:\Users\saran\.cache\selenium\chromedriver\win64\120.0.6099.109\chromedriver.exe
[INFO ] 2024-01-04 23:16:08,533-User opens DS Algo portal link
[INFO ] 2024-01-04 23:16:10,159-User clicks on Get Started button
[INFO ] 2024-01-04 23:16:10,175-User is redirected to homepage
[INFO ] 2024-01-04 23:16:10,605-User is in home page
[INFO ] 2024-01-04 23:16:11,621-User clicks on Get Started link on homepage without login
[INFO ] 2024-01-04 23:16:11,668-User get warning message as You are not logged in
[INFO ] 2024-01-04 23:16:11,984-User is in home page
[INFO ] 2024-01-04 23:16:12,517-User clicks on Get Started link on homepage without login
[INFO ] 2024-01-04 23:16:12,548-User get warning message as You are not logged in
[INFO ] 2024-01-04 23:16:12,861-User is in home page
[INFO ] 2024-01-04 23:16:13,375-User clicks on Get Started link on homepage without login
[INFO ] 2024-01-04 23:16:13,444-User get warning message as You are not logged in
[INFO ] 2024-01-04 23:16:13,766-User is in home page
[INFO ] 2024-01-04 23:16:14,208-User clicks on Get Started link on homepage without login
[INFO ] 2024-01-04 23:16:14,465-User get warning message as You are not logged in
[INFO ] 2024-01-04 23:16:14,772-User is in home page
[INFO ] 2024-01-04 23:16:15,195-User clicks on Get Started link on homepage without login
[INFO ] 2024-01-04 23:16:15,227-User get warning message as You are not logged in
[INFO ] 2024-01-04 23:16:15,531-User is in home page
[INFO ] 2024-01-04 23:16:15,958-User clicks on Get Started link on homepage without login
[INFO ] 2024-01-04 23:16:15,993-User get warning message as You are not logged in
[INFO ] 2024-01-04 23:16:16,306-User is in home page
[INFO ] 2024-01-04 23:16:16,773-User clicks on Get Started link on homepage without login
[INFO ] 2024-01-04 23:16:16,801-User get warning message as You are not logged in
[INFO ] 2024-01-04 23:16:17,477-User is in home page
[INFO ] 2024-01-04 23:16:17,908-User clicks on dropdown
[INFO ] 2024-01-04 23:16:17,939-User get warning message as You are not logged in
[INFO ] 2024-01-04 23:16:18,234-User is in home page
[INFO ] 2024-01-04 23:16:18,739-User clicks on dropdown
[INFO ] 2024-01-04 23:16:18,769-User get warning message as You are not logged in
[INFO ] 2024-01-04 23:16:19,062-User is in home page
[INFO ] 2024-01-04 23:16:19,488-User clicks on dropdown
[INFO ] 2024-01-04 23:16:19,519-User get warning message as You are not logged in
[INFO ] 2024-01-04 23:16:19,821-User is in home page
[INFO ] 2024-01-04 23:16:20,361-User clicks on dropdown
[INFO ] 2024-01-04 23:16:20,393-User get warning message as You are not logged in
[INFO ] 2024-01-04 23:16:20,688-User is in home page
[INFO ] 2024-01-04 23:16:21,850-User clicks on dropdown
[INFO ] 2024-01-04 23:16:21,883-User get warning message as You are not logged in
[INFO ] 2024-01-04 23:16:22,255-User is in home page
[INFO ] 2024-01-04 23:16:22,675-User clicks on dropdown
[INFO ] 2024-01-04 23:16:22,707-User get warning message as You are not logged in
[INFO ] 2024-01-04 23:16:23,008-User is in home page
[INFO ] 2024-01-04 23:16:23,364-User clicks on signin link
[INFO ] 2024-01-04 23:16:23,375-User is in login page
[INFO ] 2024-01-04 23:16:23,764-User opens DS Algo portal link
[INFO ] 2024-01-04 23:16:24,127-User clicks on Get Started button
[INFO ] 2024-01-04 23:16:24,142-User is redirected to homepage
[INFO ] 2024-01-04 23:16:24,307-The user in DS Algo Homepage
[INFO ] 2024-01-04 23:16:24,663-User clicks on Registration Link
[INFO ] 2024-01-04 23:16:24,910-User clicks on Registration Button with Empty feilds
[ERROR] 2024-01-04 23:16:25,008-‹------- Error message ---------Please fill out this field.>
[INFO ] 2024-01-04 23:16:25,008-Error Message dispalys below Username textbox
[INFO ] 2024-01-04 23:16:26,054-The user clicks Register button after entering Username with other fields empty
[ERROR] 2024-01-04 23:16:26,081-‹------- Error message ---------Please fill out this field.>
[INFO ] 2024-01-04 23:16:26,081-Error Message dispalys 
[INFO ] 2024-01-04 23:16:26,440-The user clicks Register button after entering Username and password with Password Confirmation field empty
[ERROR] 2024-01-04 23:16:26,463-‹------- Error message ---------Please fill out this field.>
[INFO ] 2024-01-04 23:16:26,463-Error Message dispalys 
[INFO ] 2024-01-04 23:16:27,414-Error Message dispalys below Password textbox
[INFO ] 2024-01-04 23:16:27,415-Error Message dispalys below Password textbox
[INFO ] 2024-01-04 23:16:28,203-The user clicks Register button after entering different passwords in Password and Password Confirmation fields
[ERROR] 2024-01-04 23:16:28,231-‹------- Error: ---------password_missmatch:The two password feilds didn't match.
[ERROR] 2024-01-04 23:16:29,472-‹------- Error: ---------Password should containd atleast 8 charecters.
[INFO ] 2024-01-04 23:16:30,339-‹------- Error: ---------New account created.You are logged in.
[INFO ] 2024-01-04 23:16:30,339-It should display an new message with Account Username 
[INFO ] 2024-01-05 01:30:11,760-Using chromedriver 120.0.6099.109 (resolved driver for Chrome 120)
[INFO ] 2024-01-05 01:30:11,857-Exporting webdriver.chrome.driver as C:\Users\saran\.cache\selenium\chromedriver\win64\120.0.6099.109\chromedriver.exe
[INFO ] 2024-01-05 01:44:23,040-Using chromedriver 120.0.6099.109 (resolved driver for Chrome 120)
[INFO ] 2024-01-05 01:44:23,073-Exporting webdriver.chrome.driver as C:\Users\saran\.cache\selenium\chromedriver\win64\120.0.6099.109\chromedriver.exe
[WARN ] 2024-01-05 02:09:36,262-Support to run JUnit tests using TestNG stands deprecated and will be removed in future versions. You can now use the JUnit5 TestNG engine to run both JUnit and TestNG tests. For more information refer to https://github.com/junit-team/testng-engine .
[INFO ] 2024-01-05 02:09:40,753-Using chromedriver 120.0.6099.109 (resolved driver for Chrome 120)
[INFO ] 2024-01-05 02:09:40,770-Exporting webdriver.chrome.driver as C:\Users\saran\.cache\selenium\chromedriver\win64\120.0.6099.109\chromedriver.exe
[INFO ] 2024-01-05 02:09:51,168-User opens DS Algo portal link
[INFO ] 2024-01-05 02:09:54,358-User clicks on Get Started button
[INFO ] 2024-01-05 02:09:54,371-User is redirected to homepage
[INFO ] 2024-01-05 02:09:54,972-User is in home page
[INFO ] 2024-01-05 02:09:55,384-User clicks on Get Started link on homepage without login
[INFO ] 2024-01-05 02:09:55,426-User get warning message as You are not logged in
[INFO ] 2024-01-05 02:09:55,848-User is in home page
[INFO ] 2024-01-05 02:09:56,602-User clicks on Get Started link on homepage without login
[INFO ] 2024-01-05 02:09:56,825-User get warning message as You are not logged in
[INFO ] 2024-01-05 02:09:57,175-User is in home page
[INFO ] 2024-01-05 02:09:57,664-User clicks on Get Started link on homepage without login
[INFO ] 2024-01-05 02:09:57,695-User get warning message as You are not logged in
[INFO ] 2024-01-05 02:09:58,095-User is in home page
[INFO ] 2024-01-05 02:09:58,513-User clicks on Get Started link on homepage without login
[INFO ] 2024-01-05 02:09:58,541-User get warning message as You are not logged in
[INFO ] 2024-01-05 02:09:58,877-User is in home page
[INFO ] 2024-01-05 02:09:59,484-User clicks on Get Started link on homepage without login
[INFO ] 2024-01-05 02:09:59,518-User get warning message as You are not logged in
[INFO ] 2024-01-05 02:09:59,816-User is in home page
[INFO ] 2024-01-05 02:10:00,235-User clicks on Get Started link on homepage without login
[INFO ] 2024-01-05 02:10:00,269-User get warning message as You are not logged in
[INFO ] 2024-01-05 02:10:00,601-User is in home page
[INFO ] 2024-01-05 02:10:01,020-User clicks on Get Started link on homepage without login
[INFO ] 2024-01-05 02:10:01,051-User get warning message as You are not logged in
[INFO ] 2024-01-05 02:10:01,350-User is in home page
[INFO ] 2024-01-05 02:10:01,788-User clicks on dropdown
[INFO ] 2024-01-05 02:10:01,817-User get warning message as You are not logged in
[INFO ] 2024-01-05 02:10:02,114-User is in home page
[INFO ] 2024-01-05 02:10:02,539-User clicks on dropdown
[INFO ] 2024-01-05 02:10:02,556-User get warning message as You are not logged in
[INFO ] 2024-01-05 02:10:02,893-User is in home page
[INFO ] 2024-01-05 02:10:03,408-User clicks on dropdown
[INFO ] 2024-01-05 02:10:03,423-User get warning message as You are not logged in
[INFO ] 2024-01-05 02:10:03,778-User is in home page
[INFO ] 2024-01-05 02:10:04,194-User clicks on dropdown
[INFO ] 2024-01-05 02:10:04,223-User get warning message as You are not logged in
[INFO ] 2024-01-05 02:10:04,511-User is in home page
[INFO ] 2024-01-05 02:10:04,956-User clicks on dropdown
[INFO ] 2024-01-05 02:10:04,975-User get warning message as You are not logged in
[INFO ] 2024-01-05 02:10:05,364-User is in home page
[INFO ] 2024-01-05 02:10:05,840-User clicks on dropdown
[INFO ] 2024-01-05 02:10:05,921-User get warning message as You are not logged in
[INFO ] 2024-01-05 02:10:06,208-User is in home page
[INFO ] 2024-01-05 02:10:06,577-User clicks on signin link
[INFO ] 2024-01-05 02:10:06,585-User is in login page
[INFO ] 2024-01-05 02:10:06,958-User opens DS Algo portal link
[INFO ] 2024-01-05 02:10:07,300-User clicks on Get Started button
[INFO ] 2024-01-05 02:10:07,312-User is redirected to homepage
[INFO ] 2024-01-05 02:10:07,481-The user in DS Algo Homepage
[INFO ] 2024-01-05 02:10:07,882-User clicks on Registration Link
[INFO ] 2024-01-05 02:10:08,130-User clicks on Registration Button with Empty feilds
[ERROR] 2024-01-05 02:10:08,207-‹------- Error message ---------Please fill out this field.>
[INFO ] 2024-01-05 02:10:08,207-Error Message dispalys below Username textbox
[INFO ] 2024-01-05 02:10:08,634-The user clicks Register button after entering Username with other fields empty
[ERROR] 2024-01-05 02:10:08,664-‹------- Error message ---------Please fill out this field.>
[INFO ] 2024-01-05 02:10:08,664-Error Message dispalys 
[INFO ] 2024-01-05 02:10:09,032-The user clicks Register button after entering Username and password with Password Confirmation field empty
[ERROR] 2024-01-05 02:10:09,040-‹------- Error message ---------Please fill out this field.>
[INFO ] 2024-01-05 02:10:09,040-Error Message dispalys 
[INFO ] 2024-01-05 02:10:09,761-Error Message dispalys below Password textbox
[INFO ] 2024-01-05 02:10:09,761-Error Message dispalys below Password textbox
[INFO ] 2024-01-05 02:10:10,650-The user clicks Register button after entering different passwords in Password and Password Confirmation fields
[ERROR] 2024-01-05 02:10:10,677-‹------- Error: ---------password_missmatch:The two password feilds didn't match.
[ERROR] 2024-01-05 02:10:11,382-‹------- Error: ---------Password should containd atleast 8 charecters.
[INFO ] 2024-01-05 02:10:12,223-‹------- Error: ---------New account created.You are logged in.
[INFO ] 2024-01-05 02:10:12,223-It should display an new message with Account Username 
[WARN ] 2024-01-05 02:13:49,192-Support to run JUnit tests using TestNG stands deprecated and will be removed in future versions. You can now use the JUnit5 TestNG engine to run both JUnit and TestNG tests. For more information refer to https://github.com/junit-team/testng-engine .
[INFO ] 2024-01-05 02:13:51,364-Using chromedriver 120.0.6099.109 (resolved driver for Chrome 120)
[INFO ] 2024-01-05 02:13:51,392-Exporting webdriver.chrome.driver as C:\Users\saran\.cache\selenium\chromedriver\win64\120.0.6099.109\chromedriver.exe
[INFO ] 2024-01-05 02:13:56,634-User opens DS Algo portal link
[INFO ] 2024-01-05 02:13:58,233-User clicks on Get Started button
[INFO ] 2024-01-05 02:13:58,248-User is redirected to homepage
[INFO ] 2024-01-05 02:13:58,652-User is in home page
[INFO ] 2024-01-05 02:13:59,110-User clicks on Get Started link on homepage without login
[INFO ] 2024-01-05 02:13:59,159-User get warning message as You are not logged in
[INFO ] 2024-01-05 02:13:59,545-User is in home page
[INFO ] 2024-01-05 02:14:00,008-User clicks on Get Started link on homepage without login
[INFO ] 2024-01-05 02:14:00,045-User get warning message as You are not logged in
[INFO ] 2024-01-05 02:14:00,372-User is in home page
[INFO ] 2024-01-05 02:14:00,793-User clicks on Get Started link on homepage without login
[INFO ] 2024-01-05 02:14:00,825-User get warning message as You are not logged in
[INFO ] 2024-01-05 02:14:01,136-User is in home page
[INFO ] 2024-01-05 02:14:01,935-User clicks on Get Started link on homepage without login
[INFO ] 2024-01-05 02:14:01,964-User get warning message as You are not logged in
[INFO ] 2024-01-05 02:14:02,264-User is in home page
[INFO ] 2024-01-05 02:14:02,715-User clicks on Get Started link on homepage without login
[INFO ] 2024-01-05 02:14:02,747-User get warning message as You are not logged in
[INFO ] 2024-01-05 02:14:03,078-User is in home page
[INFO ] 2024-01-05 02:14:03,535-User clicks on Get Started link on homepage without login
[INFO ] 2024-01-05 02:14:03,574-User get warning message as You are not logged in
[INFO ] 2024-01-05 02:14:03,883-User is in home page
[INFO ] 2024-01-05 02:14:04,305-User clicks on Get Started link on homepage without login
[INFO ] 2024-01-05 02:14:04,339-User get warning message as You are not logged in
[INFO ] 2024-01-05 02:14:04,645-User is in home page
[INFO ] 2024-01-05 02:14:05,131-User clicks on dropdown
[INFO ] 2024-01-05 02:14:05,166-User get warning message as You are not logged in
[INFO ] 2024-01-05 02:14:05,465-User is in home page
[INFO ] 2024-01-05 02:14:05,934-User clicks on dropdown
[INFO ] 2024-01-05 02:14:05,964-User get warning message as You are not logged in
[INFO ] 2024-01-05 02:14:06,248-User is in home page
[INFO ] 2024-01-05 02:14:06,740-User clicks on dropdown
[INFO ] 2024-01-05 02:14:06,768-User get warning message as You are not logged in
[INFO ] 2024-01-05 02:14:07,061-User is in home page
[INFO ] 2024-01-05 02:14:07,479-User clicks on dropdown
[INFO ] 2024-01-05 02:14:07,513-User get warning message as You are not logged in
[INFO ] 2024-01-05 02:14:07,816-User is in home page
[INFO ] 2024-01-05 02:14:08,263-User clicks on dropdown
[INFO ] 2024-01-05 02:14:08,280-User get warning message as You are not logged in
[INFO ] 2024-01-05 02:14:08,583-User is in home page
[INFO ] 2024-01-05 02:14:09,358-User clicks on dropdown
[INFO ] 2024-01-05 02:14:09,387-User get warning message as You are not logged in
[INFO ] 2024-01-05 02:14:09,682-User is in home page
[INFO ] 2024-01-05 02:14:10,084-User clicks on signin link
[INFO ] 2024-01-05 02:14:10,092-User is in login page
[INFO ] 2024-01-05 02:14:10,537-User opens DS Algo portal link
[INFO ] 2024-01-05 02:14:11,002-User clicks on Get Started button
[INFO ] 2024-01-05 02:14:11,013-User is redirected to homepage
[INFO ] 2024-01-05 02:14:11,062-The user in DS Algo Homepage
[INFO ] 2024-01-05 02:14:11,515-User clicks on Registration Link
[INFO ] 2024-01-05 02:14:11,773-User clicks on Registration Button with Empty feilds
[ERROR] 2024-01-05 02:14:11,817-‹------- Error message ---------Please fill out this field.>
[INFO ] 2024-01-05 02:14:11,817-Error Message dispalys below Username textbox
[INFO ] 2024-01-05 02:14:12,179-The user clicks Register button after entering Username with other fields empty
[ERROR] 2024-01-05 02:14:12,212-‹------- Error message ---------Please fill out this field.>
[INFO ] 2024-01-05 02:14:12,212-Error Message dispalys 
[INFO ] 2024-01-05 02:14:12,567-The user clicks Register button after entering Username and password with Password Confirmation field empty
[ERROR] 2024-01-05 02:14:12,579-‹------- Error message ---------Please fill out this field.>
[INFO ] 2024-01-05 02:14:12,579-Error Message dispalys 
[INFO ] 2024-01-05 02:14:13,284-Error Message dispalys below Password textbox
[INFO ] 2024-01-05 02:14:13,284-Error Message dispalys below Password textbox
[INFO ] 2024-01-05 02:14:13,989-The user clicks Register button after entering different passwords in Password and Password Confirmation fields
[ERROR] 2024-01-05 02:14:14,020-‹------- Error: ---------password_missmatch:The two password feilds didn't match.
[ERROR] 2024-01-05 02:14:14,747-‹------- Error: ---------Password should containd atleast 8 charecters.
[INFO ] 2024-01-05 02:14:15,529-‹------- Error: ---------New account created.You are logged in.
[INFO ] 2024-01-05 02:14:15,529-It should display an new message with Account Username 
[WARN ] 2024-01-05 02:17:51,839-Support to run JUnit tests using TestNG stands deprecated and will be removed in future versions. You can now use the JUnit5 TestNG engine to run both JUnit and TestNG tests. For more information refer to https://github.com/junit-team/testng-engine .
[INFO ] 2024-01-05 02:17:53,664-Using chromedriver 120.0.6099.109 (resolved driver for Chrome 120)
[INFO ] 2024-01-05 02:17:53,685-Exporting webdriver.chrome.driver as C:\Users\saran\.cache\selenium\chromedriver\win64\120.0.6099.109\chromedriver.exe
[INFO ] 2024-01-05 02:17:59,484-User opens DS Algo portal link
[INFO ] 2024-01-05 02:18:00,469-User clicks on Get Started button
[INFO ] 2024-01-05 02:18:00,482-User is redirected to homepage
[INFO ] 2024-01-05 02:18:00,984-User is in home page
[INFO ] 2024-01-05 02:18:01,524-User clicks on Get Started link on homepage without login
[INFO ] 2024-01-05 02:18:01,570-User get warning message as You are not logged in
[INFO ] 2024-01-05 02:18:01,986-User is in home page
[INFO ] 2024-01-05 02:18:03,294-User clicks on Get Started link on homepage without login
[INFO ] 2024-01-05 02:18:03,320-User get warning message as You are not logged in
[INFO ] 2024-01-05 02:18:03,704-User is in home page
[INFO ] 2024-01-05 02:18:04,242-User clicks on Get Started link on homepage without login
[INFO ] 2024-01-05 02:18:04,277-User get warning message as You are not logged in
[INFO ] 2024-01-05 02:18:04,622-User is in home page
[INFO ] 2024-01-05 02:18:05,228-User clicks on Get Started link on homepage without login
[INFO ] 2024-01-05 02:18:05,265-User get warning message as You are not logged in
[INFO ] 2024-01-05 02:18:05,568-User is in home page
[INFO ] 2024-01-05 02:18:06,065-User clicks on Get Started link on homepage without login
[INFO ] 2024-01-05 02:18:06,102-User get warning message as You are not logged in
[INFO ] 2024-01-05 02:18:06,483-User is in home page
[INFO ] 2024-01-05 02:18:06,945-User clicks on Get Started link on homepage without login
[INFO ] 2024-01-05 02:18:06,988-User get warning message as You are not logged in
[INFO ] 2024-01-05 02:18:07,366-User is in home page
[INFO ] 2024-01-05 02:18:07,810-User clicks on Get Started link on homepage without login
[INFO ] 2024-01-05 02:18:07,838-User get warning message as You are not logged in
[INFO ] 2024-01-05 02:18:08,171-User is in home page
[INFO ] 2024-01-05 02:18:08,647-User clicks on dropdown
[INFO ] 2024-01-05 02:18:08,676-User get warning message as You are not logged in
[INFO ] 2024-01-05 02:18:09,030-User is in home page
[INFO ] 2024-01-05 02:18:09,503-User clicks on dropdown
[INFO ] 2024-01-05 02:18:09,531-User get warning message as You are not logged in
[INFO ] 2024-01-05 02:18:09,898-User is in home page
[INFO ] 2024-01-05 02:18:10,894-User clicks on dropdown
[INFO ] 2024-01-05 02:18:10,926-User get warning message as You are not logged in
[INFO ] 2024-01-05 02:18:11,437-User is in home page
[INFO ] 2024-01-05 02:18:11,867-User clicks on dropdown
[INFO ] 2024-01-05 02:18:11,899-User get warning message as You are not logged in
[INFO ] 2024-01-05 02:18:12,210-User is in home page
[INFO ] 2024-01-05 02:18:12,683-User clicks on dropdown
[INFO ] 2024-01-05 02:18:12,714-User get warning message as You are not logged in
[INFO ] 2024-01-05 02:18:13,070-User is in home page
[INFO ] 2024-01-05 02:18:13,527-User clicks on dropdown
[INFO ] 2024-01-05 02:18:13,563-User get warning message as You are not logged in
[INFO ] 2024-01-05 02:18:13,866-User is in home page
[INFO ] 2024-01-05 02:18:14,228-User clicks on signin link
[INFO ] 2024-01-05 02:18:14,239-User is in login page
[INFO ] 2024-01-05 02:18:14,690-User opens DS Algo portal link
[INFO ] 2024-01-05 02:18:15,089-User clicks on Get Started button
[INFO ] 2024-01-05 02:18:15,100-User is redirected to homepage
[INFO ] 2024-01-05 02:18:15,193-The user in DS Algo Homepage
[INFO ] 2024-01-05 02:18:15,563-User clicks on Registration Link
[INFO ] 2024-01-05 02:18:15,807-User clicks on Registration Button with Empty feilds
[ERROR] 2024-01-05 02:18:15,848-‹------- Error message ---------Please fill out this field.>
[INFO ] 2024-01-05 02:18:15,848-Error Message dispalys below Username textbox
[INFO ] 2024-01-05 02:18:16,177-The user clicks Register button after entering Username with other fields empty
[ERROR] 2024-01-05 02:18:16,202-‹------- Error message ---------Please fill out this field.>
[INFO ] 2024-01-05 02:18:16,202-Error Message dispalys 
[INFO ] 2024-01-05 02:18:16,522-The user clicks Register button after entering Username and password with Password Confirmation field empty
[ERROR] 2024-01-05 02:18:16,542-‹------- Error message ---------Please fill out this field.>
[INFO ] 2024-01-05 02:18:16,542-Error Message dispalys 
[INFO ] 2024-01-05 02:18:17,225-Error Message dispalys below Password textbox
[INFO ] 2024-01-05 02:18:17,227-Error Message dispalys below Password textbox
[INFO ] 2024-01-05 02:18:17,897-The user clicks Register button after entering different passwords in Password and Password Confirmation fields
[ERROR] 2024-01-05 02:18:17,927-‹------- Error: ---------password_missmatch:The two password feilds didn't match.
[ERROR] 2024-01-05 02:18:19,001-‹------- Error: ---------Password should containd atleast 8 charecters.
[INFO ] 2024-01-05 02:18:19,777-‹------- Error: ---------New account created.You are logged in.
[INFO ] 2024-01-05 02:18:19,777-It should display an new message with Account Username 
[INFO ] 2024-01-06 03:00:09,979-Using chromedriver 120.0.6099.109 (resolved driver for Chrome 120)
[INFO ] 2024-01-06 03:00:10,126-Exporting webdriver.chrome.driver as C:\Users\saran\.cache\selenium\chromedriver\win64\120.0.6099.109\chromedriver.exe
[INFO ] 2024-01-06 03:00:30,990-User opens DS Algo portal link
[INFO ] 2024-01-06 03:00:33,135-User clicks on Get Started button
[INFO ] 2024-01-06 03:00:33,150-User is redirected to homepage
[INFO ] 2024-01-06 03:00:33,715-User is in home page
[INFO ] 2024-01-06 03:00:34,226-User clicks on Get Started link on homepage without login
[INFO ] 2024-01-06 03:00:34,377-User get warning message as You are not logged in
[INFO ] 2024-01-06 03:00:34,709-User is in home page
[INFO ] 2024-01-06 03:00:35,898-User clicks on Get Started link on homepage without login
[INFO ] 2024-01-06 03:00:35,928-User get warning message as You are not logged in
[INFO ] 2024-01-06 03:00:36,244-User is in home page
[INFO ] 2024-01-06 03:00:36,806-User clicks on Get Started link on homepage without login
[INFO ] 2024-01-06 03:00:36,839-User get warning message as You are not logged in
[INFO ] 2024-01-06 03:00:37,182-User is in home page
[INFO ] 2024-01-06 03:00:37,777-User clicks on Get Started link on homepage without login
[INFO ] 2024-01-06 03:00:37,811-User get warning message as You are not logged in
[INFO ] 2024-01-06 03:00:38,105-User is in home page
[INFO ] 2024-01-06 03:00:38,704-User clicks on Get Started link on homepage without login
[INFO ] 2024-01-06 03:00:38,737-User get warning message as You are not logged in
[INFO ] 2024-01-06 03:00:39,140-User is in home page
[INFO ] 2024-01-06 03:00:39,592-User clicks on Get Started link on homepage without login
[INFO ] 2024-01-06 03:00:39,624-User get warning message as You are not logged in
[INFO ] 2024-01-06 03:00:39,995-User is in home page
[INFO ] 2024-01-06 03:00:40,447-User clicks on Get Started link on homepage without login
[INFO ] 2024-01-06 03:00:40,483-User get warning message as You are not logged in
[INFO ] 2024-01-06 03:00:40,781-User is in home page
[INFO ] 2024-01-06 03:00:41,229-User clicks on dropdown
[INFO ] 2024-01-06 03:00:41,261-User get warning message as You are not logged in
[INFO ] 2024-01-06 03:00:41,566-User is in home page
[INFO ] 2024-01-06 03:00:42,119-User clicks on dropdown
[INFO ] 2024-01-06 03:00:42,164-User get warning message as You are not logged in
[INFO ] 2024-01-06 03:00:42,667-User is in home page
[INFO ] 2024-01-06 03:00:43,285-User clicks on dropdown
[INFO ] 2024-01-06 03:00:43,317-User get warning message as You are not logged in
[INFO ] 2024-01-06 03:00:43,666-User is in home page
[INFO ] 2024-01-06 03:00:44,101-User clicks on dropdown
[INFO ] 2024-01-06 03:00:44,132-User get warning message as You are not logged in
[INFO ] 2024-01-06 03:00:44,453-User is in home page
[INFO ] 2024-01-06 03:00:44,956-User clicks on dropdown
[INFO ] 2024-01-06 03:00:44,985-User get warning message as You are not logged in
[INFO ] 2024-01-06 03:00:45,299-User is in home page
[INFO ] 2024-01-06 03:00:45,742-User clicks on dropdown
[INFO ] 2024-01-06 03:00:45,773-User get warning message as You are not logged in
[INFO ] 2024-01-06 03:00:46,070-User is in home page
[INFO ] 2024-01-06 03:00:46,501-User clicks on signin link
[INFO ] 2024-01-06 03:00:46,517-User is in login page
[INFO ] 2024-01-06 03:00:46,877-User opens DS Algo portal link
[INFO ] 2024-01-06 03:00:47,247-User clicks on Get Started button
[INFO ] 2024-01-06 03:00:47,259-User is redirected to homepage
[INFO ] 2024-01-06 03:00:47,699-The user in DS Algo Homepage
[INFO ] 2024-01-06 03:00:48,067-User clicks on Registration Link
[INFO ] 2024-01-06 03:00:48,339-User clicks on Registration Button with Empty feilds
[ERROR] 2024-01-06 03:00:48,393-‹------- Error message ---------Please fill out this field.>
[INFO ] 2024-01-06 03:00:48,393-Error Message dispalys below Username textbox
[INFO ] 2024-01-06 03:00:48,669-The user clicks Register button after entering Username with other fields empty
[ERROR] 2024-01-06 03:00:48,708-‹------- Error message ---------Please fill out this field.>
[INFO ] 2024-01-06 03:00:48,708-Error Message dispalys 
[INFO ] 2024-01-06 03:00:49,084-The user clicks Register button after entering Username and password with Password Confirmation field empty
[ERROR] 2024-01-06 03:00:49,105-‹------- Error message ---------Please fill out this field.>
[INFO ] 2024-01-06 03:00:49,105-Error Message dispalys 
[INFO ] 2024-01-06 03:00:50,013-Error Message dispalys below Password textbox
[INFO ] 2024-01-06 03:00:50,016-Error Message dispalys below Password textbox
[INFO ] 2024-01-06 03:00:51,240-The user clicks Register button after entering different passwords in Password and Password Confirmation fields
[ERROR] 2024-01-06 03:00:51,270-‹------- Error: ---------password_missmatch:The two password feilds didn't match.
[ERROR] 2024-01-06 03:00:52,615-‹------- Error: ---------Password should containd atleast 8 charecters.
[INFO ] 2024-01-06 03:00:53,941-‹------- Error: ---------New account created.You are logged in.
[INFO ] 2024-01-06 03:00:53,942-It should display an new message with Account Username 
[INFO ] 2024-01-07 22:25:47,965-Using chromedriver 120.0.6099.109 (resolved driver for Chrome 120)
[INFO ] 2024-01-07 22:25:48,101-Exporting webdriver.chrome.driver as C:\Users\saran\.cache\selenium\chromedriver\win64\120.0.6099.109\chromedriver.exe
[INFO ] 2024-01-07 22:26:05,615-User opens DS Algo portal link
[INFO ] 2024-01-07 22:26:07,371-User clicks on Get Started button
[INFO ] 2024-01-07 22:26:07,388-User is redirected to homepage
[INFO ] 2024-01-07 22:26:08,094-User is in home page
[INFO ] 2024-01-07 22:26:08,632-User clicks on Get Started link on homepage without login
[INFO ] 2024-01-07 22:26:09,631-User get warning message as You are not logged in
[INFO ] 2024-01-07 22:26:10,266-User is in home page
[INFO ] 2024-01-07 22:26:11,235-User clicks on Get Started link on homepage without login
[INFO ] 2024-01-07 22:26:11,280-User get warning message as You are not logged in
[INFO ] 2024-01-07 22:26:11,633-User is in home page
[INFO ] 2024-01-07 22:26:12,130-User clicks on Get Started link on homepage without login
[INFO ] 2024-01-07 22:26:12,164-User get warning message as You are not logged in
[INFO ] 2024-01-07 22:26:12,633-User is in home page
[INFO ] 2024-01-07 22:26:13,437-User clicks on Get Started link on homepage without login
[INFO ] 2024-01-07 22:26:13,501-User get warning message as You are not logged in
[INFO ] 2024-01-07 22:26:13,822-User is in home page
[INFO ] 2024-01-07 22:26:14,280-User clicks on Get Started link on homepage without login
[INFO ] 2024-01-07 22:26:14,321-User get warning message as You are not logged in
[INFO ] 2024-01-07 22:26:14,638-User is in home page
[INFO ] 2024-01-07 22:26:15,194-User clicks on Get Started link on homepage without login
[INFO ] 2024-01-07 22:26:15,229-User get warning message as You are not logged in
[INFO ] 2024-01-07 22:26:15,580-User is in home page
[INFO ] 2024-01-07 22:26:16,033-User clicks on Get Started link on homepage without login
[INFO ] 2024-01-07 22:26:16,073-User get warning message as You are not logged in
[INFO ] 2024-01-07 22:26:16,939-User is in home page
[INFO ] 2024-01-07 22:26:17,681-User clicks on dropdown
[INFO ] 2024-01-07 22:26:17,716-User get warning message as You are not logged in
[INFO ] 2024-01-07 22:26:18,021-User is in home page
[INFO ] 2024-01-07 22:26:18,547-User clicks on dropdown
[INFO ] 2024-01-07 22:26:18,582-User get warning message as You are not logged in
[INFO ] 2024-01-07 22:26:18,902-User is in home page
[INFO ] 2024-01-07 22:26:19,514-User clicks on dropdown
[INFO ] 2024-01-07 22:26:19,554-User get warning message as You are not logged in
[INFO ] 2024-01-07 22:26:20,076-User is in home page
[INFO ] 2024-01-07 22:26:20,554-User clicks on dropdown
[INFO ] 2024-01-07 22:26:20,594-User get warning message as You are not logged in
[INFO ] 2024-01-07 22:26:20,916-User is in home page
[INFO ] 2024-01-07 22:26:21,375-User clicks on dropdown
[INFO ] 2024-01-07 22:26:21,419-User get warning message as You are not logged in
[INFO ] 2024-01-07 22:26:21,750-User is in home page
[INFO ] 2024-01-07 22:26:22,215-User clicks on dropdown
[INFO ] 2024-01-07 22:26:22,253-User get warning message as You are not logged in
[INFO ] 2024-01-07 22:26:22,587-User is in home page
[INFO ] 2024-01-07 22:26:22,971-User clicks on signin link
[INFO ] 2024-01-07 22:26:22,981-User is in login page
[INFO ] 2024-01-07 22:26:23,355-User opens DS Algo portal link
[INFO ] 2024-01-07 22:26:23,751-User clicks on Get Started button
[INFO ] 2024-01-07 22:26:23,760-User is redirected to homepage
[INFO ] 2024-01-07 22:26:24,205-The user in DS Algo Homepage
[INFO ] 2024-01-07 22:26:24,587-User clicks on Registration Link
[INFO ] 2024-01-07 22:26:24,914-User clicks on Registration Button with Empty feilds
[ERROR] 2024-01-07 22:26:25,044-‹------- Error message ---------Please fill out this field.>
[INFO ] 2024-01-07 22:26:25,044-Error Message dispalys below Username textbox
[INFO ] 2024-01-07 22:26:25,450-The user clicks Register button after entering Username with other fields empty
[ERROR] 2024-01-07 22:26:25,476-‹------- Error message ---------Please fill out this field.>
[INFO ] 2024-01-07 22:26:25,476-Error Message dispalys 
[INFO ] 2024-01-07 22:26:25,873-The user clicks Register button after entering Username and password with Password Confirmation field empty
[ERROR] 2024-01-07 22:26:25,894-‹------- Error message ---------Please fill out this field.>
[INFO ] 2024-01-07 22:26:25,894-Error Message dispalys 
[INFO ] 2024-01-07 22:26:26,817-Error Message dispalys below Password textbox
[INFO ] 2024-01-07 22:26:27,088-Error Message dispalys below Password textbox
[INFO ] 2024-01-07 22:26:29,408-The user clicks Register button after entering different passwords in Password and Password Confirmation fields
[ERROR] 2024-01-07 22:26:29,443-‹------- Error: ---------password_missmatch:The two password feilds didn't match.
[ERROR] 2024-01-07 22:26:30,653-‹------- Error: ---------Password should containd atleast 8 charecters.
[INFO ] 2024-01-07 22:26:31,788-‹------- Error: ---------New account created.You are logged in.
[INFO ] 2024-01-07 22:26:31,788-It should display an new message with Account Username 
[INFO ] 2024-01-08 19:23:17,102-Using chromedriver 120.0.6099.109 (resolved driver for Chrome 120)
[INFO ] 2024-01-08 19:23:17,154-Exporting webdriver.chrome.driver as C:\Users\saran\.cache\selenium\chromedriver\win64\120.0.6099.109\chromedriver.exe
[INFO ] 2024-01-08 19:23:28,755-User opens DS Algo portal link
[INFO ] 2024-01-08 19:23:30,787-User clicks on Get Started button
[INFO ] 2024-01-08 19:23:30,810-User is redirected to homepage
[INFO ] 2024-01-08 19:23:31,680-User is in home page
[INFO ] 2024-01-08 19:23:32,499-User clicks on Get Started link on homepage without login
[INFO ] 2024-01-08 19:23:32,560-User get warning message as You are not logged in
[INFO ] 2024-01-08 19:23:33,176-User is in home page
[INFO ] 2024-01-08 19:23:33,750-User clicks on Get Started link on homepage without login
[INFO ] 2024-01-08 19:23:33,795-User get warning message as You are not logged in
[INFO ] 2024-01-08 19:23:34,351-User is in home page
[INFO ] 2024-01-08 19:23:35,125-User clicks on Get Started link on homepage without login
[INFO ] 2024-01-08 19:23:35,171-User get warning message as You are not logged in
[INFO ] 2024-01-08 19:23:35,773-User is in home page
[INFO ] 2024-01-08 19:23:36,411-User clicks on Get Started link on homepage without login
[INFO ] 2024-01-08 19:23:36,452-User get warning message as You are not logged in
[INFO ] 2024-01-08 19:23:37,289-User is in home page
[INFO ] 2024-01-08 19:23:38,309-User clicks on Get Started link on homepage without login
[INFO ] 2024-01-08 19:23:38,347-User get warning message as You are not logged in
[INFO ] 2024-01-08 19:23:38,915-User is in home page
[INFO ] 2024-01-08 19:23:39,653-User clicks on Get Started link on homepage without login
[INFO ] 2024-01-08 19:23:39,696-User get warning message as You are not logged in
[INFO ] 2024-01-08 19:23:40,095-User is in home page
[INFO ] 2024-01-08 19:23:40,851-User clicks on Get Started link on homepage without login
[INFO ] 2024-01-08 19:23:40,887-User get warning message as You are not logged in
[INFO ] 2024-01-08 19:23:41,457-User is in home page
[INFO ] 2024-01-08 19:23:42,243-User clicks on dropdown
[INFO ] 2024-01-08 19:23:42,276-User get warning message as You are not logged in
[INFO ] 2024-01-08 19:23:42,832-User is in home page
[INFO ] 2024-01-08 19:23:43,606-User clicks on dropdown
[INFO ] 2024-01-08 19:23:43,645-User get warning message as You are not logged in
[INFO ] 2024-01-08 19:23:44,216-User is in home page
[INFO ] 2024-01-08 19:23:45,344-User clicks on dropdown
[INFO ] 2024-01-08 19:23:45,381-User get warning message as You are not logged in
[INFO ] 2024-01-08 19:23:45,953-User is in home page
[INFO ] 2024-01-08 19:23:46,769-User clicks on dropdown
[INFO ] 2024-01-08 19:23:46,806-User get warning message as You are not logged in
[INFO ] 2024-01-08 19:23:47,378-User is in home page
[INFO ] 2024-01-08 19:23:48,200-User clicks on dropdown
[INFO ] 2024-01-08 19:23:48,235-User get warning message as You are not logged in
[INFO ] 2024-01-08 19:23:48,811-User is in home page
[INFO ] 2024-01-08 19:23:50,394-User clicks on dropdown
[INFO ] 2024-01-08 19:23:50,433-User get warning message as You are not logged in
[INFO ] 2024-01-08 19:23:50,970-User is in home page
[INFO ] 2024-01-08 19:23:51,687-User clicks on signin link
[INFO ] 2024-01-08 19:23:51,719-User is in login page
[INFO ] 2024-01-08 19:23:52,694-User opens DS Algo portal link
[INFO ] 2024-01-08 19:23:53,652-User clicks on Get Started button
[INFO ] 2024-01-08 19:23:53,668-User is redirected to homepage
[INFO ] 2024-01-08 19:23:54,771-The user in DS Algo Homepage
[INFO ] 2024-01-08 19:23:55,371-User clicks on Registration Link
[INFO ] 2024-01-08 19:23:55,740-User clicks on Registration Button with Empty feilds
[ERROR] 2024-01-08 19:23:55,804-‹------- Error message ---------Please fill out this field.>
[INFO ] 2024-01-08 19:23:55,804-Error Message dispalys below Username textbox
[INFO ] 2024-01-08 19:23:56,230-The user clicks Register button after entering Username with other fields empty
[ERROR] 2024-01-08 19:23:56,267-‹------- Error message ---------Please fill out this field.>
[INFO ] 2024-01-08 19:23:56,268-Error Message dispalys 
[INFO ] 2024-01-08 19:23:56,777-The user clicks Register button after entering Username and password with Password Confirmation field empty
[ERROR] 2024-01-08 19:23:56,809-‹------- Error message ---------Please fill out this field.>
[INFO ] 2024-01-08 19:23:56,809-Error Message dispalys 
[INFO ] 2024-01-08 19:23:58,283-Error Message dispalys below Password textbox
[INFO ] 2024-01-08 19:23:58,285-Error Message dispalys below Password textbox
[INFO ] 2024-01-08 19:24:00,144-The user clicks Register button after entering different passwords in Password and Password Confirmation fields
[ERROR] 2024-01-08 19:24:00,179-‹------- Error: ---------password_missmatch:The two password feilds didn't match.
[ERROR] 2024-01-08 19:24:01,554-‹------- Error: ---------Password should containd atleast 8 charecters.
[INFO ] 2024-01-08 19:24:03,000-‹------- Error: ---------New account created.You are logged in.
[INFO ] 2024-01-08 19:24:03,000-It should display an new message with Account Username 
